[0m22:30:33.304556 [debug] [MainThread]: Sending event: {'category': 'dbt', 'action': 'invocation', 'label': 'start', 'context': [<snowplow_tracker.self_describing_json.SelfDescribingJson object at 0x769296902bb0>, <snowplow_tracker.self_describing_json.SelfDescribingJson object at 0x769295839e20>, <snowplow_tracker.self_describing_json.SelfDescribingJson object at 0x769295839dc0>]}


============================== 22:30:33.309126 | 8682c844-9ad5-4994-927b-0e53edf0c6d0 ==============================
[0m22:30:33.309126 [info ] [MainThread]: Running with dbt=1.10.13
[0m22:30:33.310036 [debug] [MainThread]: running dbt with arguments {'empty': 'None', 'use_experimental_parser': 'False', 'introspect': 'True', 'log_format': 'default', 'partial_parse': 'True', 'quiet': 'False', 'send_anonymous_usage_stats': 'True', 'indirect_selection': 'eager', 'use_colors': 'True', 'invocation_command': 'dbt init NYC_taxi_project', 'printer_width': '80', 'version_check': 'True', 'write_json': 'True', 'profiles_dir': '/home/apprenant/.dbt', 'no_print': 'None', 'static_parser': 'True', 'cache_selected_only': 'False', 'log_cache_events': 'False', 'warn_error': 'None', 'debug': 'False', 'fail_fast': 'False', 'warn_error_options': 'WarnErrorOptionsV2(error=[], warn=[], silence=[])', 'target_path': 'None', 'log_path': 'logs'}
[0m22:30:33.320412 [info ] [MainThread]: Creating dbt configuration folder at /home/apprenant/.dbt
[0m22:30:33.322803 [debug] [MainThread]: Starter project path: /home/apprenant/Documents/DataInge/NewYorkdbtCore/snowflake_env/lib/python3.9/site-packages/dbt/include/starter_project
[0m22:30:33.327144 [info ] [MainThread]: 
Your new dbt project "NYC_taxi_project" was created!

For more information on how to configure the profiles.yml file,
please consult the dbt documentation here:

  https://docs.getdbt.com/docs/configure-your-profile

One more thing:

Need help? Don't hesitate to reach out to us via GitHub issues or on Slack:

  https://community.getdbt.com/

Happy modeling!

[0m22:30:33.327895 [info ] [MainThread]: Setting up your profile.
[0m23:16:55.439430 [info ] [MainThread]: Profile NYC_taxi_project written to /home/apprenant/.dbt/profiles.yml using target's profile_template.yml and your supplied values. Run 'dbt debug' to validate the connection.
[0m23:16:55.447811 [debug] [MainThread]: Resource report: {"command_name": "init", "command_success": true, "command_wall_clock_time": 2782.2131, "process_in_blocks": "568", "process_kernel_time": 0.155837, "process_mem_max_rss": "114948", "process_out_blocks": "80", "process_user_time": 1.698224}
[0m23:16:55.448985 [debug] [MainThread]: Command `dbt init` succeeded at 23:16:55.448784 after 2782.21 seconds
[0m23:16:55.450116 [debug] [MainThread]: Sending event: {'category': 'dbt', 'action': 'invocation', 'label': 'end', 'context': [<snowplow_tracker.self_describing_json.SelfDescribingJson object at 0x769296902bb0>, <snowplow_tracker.self_describing_json.SelfDescribingJson object at 0x76929582ca90>, <snowplow_tracker.self_describing_json.SelfDescribingJson object at 0x7692941695b0>]}
[0m23:16:55.451521 [debug] [MainThread]: Flushing usage events
[0m23:16:55.924077 [debug] [MainThread]: An error was encountered while trying to flush usage events
